kotlin version: 1.8.20
error message: Incremental compilation failed: Failed to close caches, previous ICResult `org.jetbrains.kotlin.incremental.IncrementalCompilerRunner$ICResult$Failed@29f8c215` was discarded
java.lang.RuntimeException: Failed to close caches, previous ICResult `org.jetbrains.kotlin.incremental.IncrementalCompilerRunner$ICResult$Failed@29f8c215` was discarded
	at org.jetbrains.kotlin.incremental.IncrementalCompilerRunner.tryCompileIncrementally(IncrementalCompilerRunner.kt:254)
	at org.jetbrains.kotlin.incremental.IncrementalCompilerRunner.compile(IncrementalCompilerRunner.kt:103)
	at org.jetbrains.kotlin.daemon.CompileServiceImplBase.execIncrementalCompiler(CompileServiceImpl.kt:627)
	at org.jetbrains.kotlin.daemon.CompileServiceImplBase.access$execIncrementalCompiler(CompileServiceImpl.kt:101)
	at org.jetbrains.kotlin.daemon.CompileServiceImpl.compile(CompileServiceImpl.kt:1587)
	at java.base/jdk.internal.reflect.NativeMethodAccessorImpl.invoke0(Native Method)
	at java.base/jdk.internal.reflect.NativeMethodAccessorImpl.invoke(NativeMethodAccessorImpl.java:77)
	at java.base/jdk.internal.reflect.DelegatingMethodAccessorImpl.invoke(DelegatingMethodAccessorImpl.java:43)
	at java.base/java.lang.reflect.Method.invoke(Method.java:569)
	at java.rmi/sun.rmi.server.UnicastServerRef.dispatch(UnicastServerRef.java:360)
	at java.rmi/sun.rmi.transport.Transport$1.run(Transport.java:200)
	at java.rmi/sun.rmi.transport.Transport$1.run(Transport.java:197)
	at java.base/java.security.AccessController.doPrivileged(AccessController.java:712)
	at java.rmi/sun.rmi.transport.Transport.serviceCall(Transport.java:196)
	at java.rmi/sun.rmi.transport.tcp.TCPTransport.handleMessages(TCPTransport.java:587)
	at java.rmi/sun.rmi.transport.tcp.TCPTransport$ConnectionHandler.run0(TCPTransport.java:828)
	at java.rmi/sun.rmi.transport.tcp.TCPTransport$ConnectionHandler.lambda$run$0(TCPTransport.java:705)
	at java.base/java.security.AccessController.doPrivileged(AccessController.java:399)
	at java.rmi/sun.rmi.transport.tcp.TCPTransport$ConnectionHandler.run(TCPTransport.java:704)
	at java.base/java.util.concurrent.ThreadPoolExecutor.runWorker(ThreadPoolExecutor.java:1136)
	at java.base/java.util.concurrent.ThreadPoolExecutor$Worker.run(ThreadPoolExecutor.java:635)
	at java.base/java.lang.Thread.run(Thread.java:840)
Caused by: java.lang.AssertionError: E:\TransiGo\app\build\kotlin\kaptGenerateStubsDebugKotlin\cacheable\caches-jvm\lookups\id-to-file.tab.keystream.len: The requested operation cannot be performed on a file with a user-mapped section open
	at org.jetbrains.kotlin.com.intellij.openapi.diagnostic.DefaultLogger.error(DefaultLogger.java:57)
	at org.jetbrains.kotlin.com.intellij.openapi.diagnostic.Logger.error(Logger.java:191)
	at org.jetbrains.kotlin.com.intellij.util.io.ResizeableMappedFile.writeLength(ResizeableMappedFile.java:157)
	at org.jetbrains.kotlin.com.intellij.util.io.ResizeableMappedFile.force(ResizeableMappedFile.java:180)
	at org.jetbrains.kotlin.com.intellij.util.io.keyStorage.AppendableStorageBackedByResizableMappedFile.force(AppendableStorageBackedByResizableMappedFile.java:47)
	at org.jetbrains.kotlin.com.intellij.util.io.PersistentEnumeratorBase.force(PersistentEnumeratorBase.java:588)
	at org.jetbrains.kotlin.com.intellij.util.io.PersistentHashMap.doForce(PersistentHashMap.java:778)
	at org.jetbrains.kotlin.com.intellij.util.io.PersistentHashMap.force(PersistentHashMap.java:767)
	at org.jetbrains.kotlin.incremental.storage.CachingLazyStorage.flush(CachingLazyStorage.kt:107)
	at org.jetbrains.kotlin.incremental.storage.BasicMap.flush(BasicMap.kt:43)
	at org.jetbrains.kotlin.incremental.storage.BasicMapsOwner$flush$1.invoke(BasicMapsOwner.kt:48)
	at org.jetbrains.kotlin.incremental.storage.BasicMapsOwner$flush$1.invoke(BasicMapsOwner.kt:48)
	at org.jetbrains.kotlin.incremental.storage.BasicMapsOwner.forEachMapSafe(BasicMapsOwner.kt:56)
	at org.jetbrains.kotlin.incremental.storage.BasicMapsOwner.flush(BasicMapsOwner.kt:48)
	at org.jetbrains.kotlin.incremental.LookupStorage.flush(LookupStorage.kt:155)
	at org.jetbrains.kotlin.incremental.IncrementalCachesManager$CacheCloser.close(IncrementalCachesManager.kt:64)
	at org.jetbrains.kotlin.com.google.common.io.Closer.close(Closer.java:213)
	at org.jetbrains.kotlin.incremental.IncrementalCachesManager.close(IncrementalCachesManager.kt:55)
	at org.jetbrains.kotlin.incremental.IncrementalCompilerRunner.tryCompileIncrementally(IncrementalCompilerRunner.kt:250)
	... 21 more
Caused by: java.nio.file.FileSystemException: E:\TransiGo\app\build\kotlin\kaptGenerateStubsDebugKotlin\cacheable\caches-jvm\lookups\id-to-file.tab.keystream.len: The requested operation cannot be performed on a file with a user-mapped section open
	at java.base/sun.nio.fs.WindowsException.translateToIOException(WindowsException.java:92)
	at java.base/sun.nio.fs.WindowsException.rethrowAsIOException(WindowsException.java:103)
	at java.base/sun.nio.fs.WindowsException.rethrowAsIOException(WindowsException.java:108)
	at java.base/sun.nio.fs.WindowsFileSystemProvider.newByteChannel(WindowsFileSystemProvider.java:236)
	at java.base/java.nio.file.spi.FileSystemProvider.newOutputStream(FileSystemProvider.java:484)
	at java.base/java.nio.file.Files.newOutputStream(Files.java:228)
	at org.jetbrains.kotlin.com.intellij.util.io.ResizeableMappedFile$1.execute(ResizeableMappedFile.java:136)
	at org.jetbrains.kotlin.com.intellij.util.io.ResizeableMappedFile$1.execute(ResizeableMappedFile.java:129)
	at org.jetbrains.kotlin.com.intellij.openapi.util.io.FileUtilRt.doIOOperation(FileUtilRt.java:991)
	at org.jetbrains.kotlin.com.intellij.util.io.ResizeableMappedFile.writeLength(ResizeableMappedFile.java:129)
	... 37 more


